Using pre-set license
Built from '2020.3/staging' branch; Version is '2020.3.4f1 (0abb6314276a) revision 703331'; Using compiler version '192528614'; Build Type 'Release'
OS: 'Windows 10 Home; OS build 19042.867; Version 2009; 64bit' Language: 'en' Physical Memory: 16331 MB
BatchMode: 1, IsHumanControllingUs: 0, StartBugReporterOnCrash: 0, Is64bit: 1, IsPro: 0

 COMMAND LINE ARGUMENTS:
C:\Program Files\Unity\Hub\Editor\2020.3.4f1\Editor\Unity.exe
-adb2
-batchMode
-noUpm
-name
AssetImportWorker0
-projectPath
C:/Users/Ali2/Desktop/Repos/Traffic-Visualizer_1.1-BeachHacks-2021/Traffic_Visual_1.1
-logFile
Logs/AssetImportWorker0.log
-srvPort
58542
Successfully changed project path to: C:/Users/Ali2/Desktop/Repos/Traffic-Visualizer_1.1-BeachHacks-2021/Traffic_Visual_1.1
C:/Users/Ali2/Desktop/Repos/Traffic-Visualizer_1.1-BeachHacks-2021/Traffic_Visual_1.1
Using Asset Import Pipeline V2.
Refreshing native plugins compatible for Editor in 56.41 ms, found 1 plugins.
Preloading 1 native plugins for Editor in 1.53 ms.
Initialize engine version: 2020.3.4f1 (0abb6314276a)
[Subsystems] Discovering subsystems at path C:/Program Files/Unity/Hub/Editor/2020.3.4f1/Editor/Data/Resources/UnitySubsystems
[Subsystems] Discovering subsystems at path C:/Users/Ali2/Desktop/Repos/Traffic-Visualizer_1.1-BeachHacks-2021/Traffic_Visual_1.1/Assets
GfxDevice: creating device client; threaded=0
Direct3D:
    Version:  Direct3D 11.0 [level 11.1]
    Renderer: NVIDIA GeForce GTX 1650 (ID=0x1f82)
    Vendor:   
    VRAM:     3962 MB
    Driver:   27.21.14.6611
Initialize mono
Mono path[0] = 'C:/Program Files/Unity/Hub/Editor/2020.3.4f1/Editor/Data/Managed'
Mono path[1] = 'C:/Program Files/Unity/Hub/Editor/2020.3.4f1/Editor/Data/MonoBleedingEdge/lib/mono/unityjit'
Mono config path = 'C:/Program Files/Unity/Hub/Editor/2020.3.4f1/Editor/Data/MonoBleedingEdge/etc'
Using monoOptions --debugger-agent=transport=dt_socket,embedding=1,server=y,suspend=n,address=127.0.0.1:56104
Begin MonoManager ReloadAssembly
Registering precompiled unity dll's ...
Register platform support module: C:/Program Files/Unity/Hub/Editor/2020.3.4f1/Editor/Data/PlaybackEngines/WebGLSupport/UnityEditor.WebGL.Extensions.dll
Register platform support module: C:/Program Files/Unity/Hub/Editor/2020.3.4f1/Editor/Data/PlaybackEngines/WindowsStandaloneSupport/UnityEditor.WindowsStandalone.Extensions.dll
Registered in 0.006221 seconds.
Native extension for WindowsStandalone target not found
Native extension for WebGL target not found
Refreshing native plugins compatible for Editor in 51.21 ms, found 1 plugins.
Preloading 1 native plugins for Editor in 0.15 ms.
Mono: successfully reloaded assembly
- Completed reload, in  2.165 seconds
Platform modules already initialized, skipping
Registering precompiled user dll's ...
Registered in 0.005460 seconds.
Begin MonoManager ReloadAssembly
Native extension for WindowsStandalone target not found
Native extension for WebGL target not found
Refreshing native plugins compatible for Editor in 52.44 ms, found 1 plugins.
Preloading 1 native plugins for Editor in 0.15 ms.
Mono: successfully reloaded assembly
- Completed reload, in  1.646 seconds
Platform modules already initialized, skipping
========================================================================
Worker process is ready to serve import requests
Launched and connected shader compiler UnityShaderCompiler.exe after 0.13 seconds
Refreshing native plugins compatible for Editor in 0.62 ms, found 1 plugins.
Preloading 1 native plugins for Editor in 0.14 ms.
Unloading 1583 Unused Serialized files (Serialized files now loaded: 0)
System memory in use before: 77.5 MB.
System memory in use after: 75.5 MB.

Unloading 28 unused Assets to reduce memory usage. Loaded Objects now: 2008.
Total: 11.564500 ms (FindLiveObjects: 0.295700 ms CreateObjectMapping: 0.128900 ms MarkObjects: 4.628700 ms  DeleteObjects: 6.508500 ms)

========================================================================
Received Import Request.
  path: Assets/echoAR/echoAR.prefab
  artifactKey: Guid(e1d4d8772d02a5a47acd9aa621ae8c34) Importer(815301076,1909f56bfc062723c751e8b465ee728b)
Start importing Assets/echoAR/echoAR.prefab using Guid(e1d4d8772d02a5a47acd9aa621ae8c34) Importer(815301076,1909f56bfc062723c751e8b465ee728b)  -> (artifact id: 'cceb99cb88cb6dd67173188e8f3506ea') in 0.158310 seconds
  Import took 0.167605 seconds .

========================================================================
Received Import Request.
  Time since last request: 0.000406 seconds.
  path: Assets/echoAR/Examples
  artifactKey: Guid(d952efe199a072c4bb69cce40efa2309) Importer(815301076,1909f56bfc062723c751e8b465ee728b)
Start importing Assets/echoAR/Examples using Guid(d952efe199a072c4bb69cce40efa2309) Importer(815301076,1909f56bfc062723c751e8b465ee728b)  -> (artifact id: '4bac06f456c8794f5e87de638db406c3') in 0.016337 seconds
  Import took 0.022326 seconds .

========================================================================
Received Import Request.
  Time since last request: 0.001938 seconds.
  path: Assets/echoAR/Examples/sample.unity
  artifactKey: Guid(066bb82b1e9e4a94a8371767678ccb00) Importer(815301076,1909f56bfc062723c751e8b465ee728b)
Start importing Assets/echoAR/Examples/sample.unity using Guid(066bb82b1e9e4a94a8371767678ccb00) Importer(815301076,1909f56bfc062723c751e8b465ee728b)  -> (artifact id: '7c30ac14b566a5aef6a682ca0542df47') in 0.015780 seconds
  Import took 0.021771 seconds .

========================================================================
Received Import Request.
  Time since last request: 0.005588 seconds.
  path: Assets/echoAR
  artifactKey: Guid(d698d8a06c531dc47ae04023eb4a1a58) Importer(815301076,1909f56bfc062723c751e8b465ee728b)
Start importing Assets/echoAR using Guid(d698d8a06c531dc47ae04023eb4a1a58) Importer(815301076,1909f56bfc062723c751e8b465ee728b)  -> (artifact id: '24c09de7c01ea850a59ad6a5f445c370') in 0.008589 seconds
  Import took 0.015023 seconds .

========================================================================
Received Prepare
Registering precompiled user dll's ...
Registered in 0.006385 seconds.
Begin MonoManager ReloadAssembly
Native extension for WindowsStandalone target not found
Native extension for WebGL target not found
Refreshing native plugins compatible for Editor in 0.92 ms, found 1 plugins.
Preloading 1 native plugins for Editor in 0.33 ms.
Mono: successfully reloaded assembly
- Completed reload, in  2.625 seconds
Platform modules already initialized, skipping
Refreshing native plugins compatible for Editor in 0.74 ms, found 1 plugins.
Preloading 1 native plugins for Editor in 0.18 ms.
Unloading 1566 Unused Serialized files (Serialized files now loaded: 0)
System memory in use before: 76.2 MB.
System memory in use after: 74.3 MB.

Unloading 23 unused Assets to reduce memory usage. Loaded Objects now: 2011.
Total: 8.449300 ms (FindLiveObjects: 0.416700 ms CreateObjectMapping: 0.167900 ms MarkObjects: 3.792700 ms  DeleteObjects: 4.069300 ms)

